c:\users\jak\documents\personal\qcppu\qcpu-p\.temp\x64\debug\vc143.pdb
c:\users\jak\documents\personal\qcppu\qcpu-p\.temp\x64\debug\vc143.idb
c:\users\jak\documents\personal\qcppu\qcpu-p\.temp\x64\debug\glad.obj
c:\users\jak\documents\personal\qcppu\qcpu-p\.temp\x64\debug\platform.obj
c:\users\jak\documents\personal\qcppu\qcpu-p\.temp\x64\debug\filesystem.obj
c:\users\jak\documents\personal\qcppu\qcpu-p\.temp\x64\debug\ops.obj
c:\users\jak\documents\personal\qcppu\qcpu-p\.temp\x64\debug\texture.obj
c:\users\jak\documents\personal\qcppu\qcpu-p\.temp\x64\debug\shader.obj
c:\users\jak\documents\personal\qcppu\qcpu-p\.temp\x64\debug\quad.obj
c:\users\jak\documents\personal\qcppu\qcpu-p\.temp\x64\debug\main.obj
c:\users\jak\documents\personal\qcppu\qcpu-p\.temp\x64\debug\display.obj
c:\users\jak\documents\personal\qcppu\qcpu-p\.temp\x64\debug\application.obj
c:\users\jak\documents\personal\qcppu\qcpu-p\.temp\x64\debug\imgui_widgets.obj
c:\users\jak\documents\personal\qcppu\qcpu-p\.temp\x64\debug\imgui_tables.obj
c:\users\jak\documents\personal\qcppu\qcpu-p\.temp\x64\debug\imgui_draw.obj
c:\users\jak\documents\personal\qcppu\qcpu-p\.temp\x64\debug\imgui_demo.obj
c:\users\jak\documents\personal\qcppu\qcpu-p\.temp\x64\debug\imgui.obj
c:\users\jak\documents\personal\qcppu\qcpu-p\.temp\x64\debug\imgui_texteditor.obj
c:\users\jak\documents\personal\qcppu\qcpu-p\.temp\x64\debug\imgui_impl_sdl.obj
c:\users\jak\documents\personal\qcppu\qcpu-p\.temp\x64\debug\imgui_impl_opengl3.obj
c:\users\jak\documents\personal\qcppu\.build\qcpu-p.pdb
c:\users\jak\documents\personal\qcppu\qcpu-p\.temp\x64\debug\qcpu-p.tlog\cl.command.1.tlog
c:\users\jak\documents\personal\qcppu\qcpu-p\.temp\x64\debug\qcpu-p.tlog\cl.read.1.tlog
c:\users\jak\documents\personal\qcppu\qcpu-p\.temp\x64\debug\qcpu-p.tlog\cl.write.1.tlog
c:\users\jak\documents\personal\qcppu\qcpu-p\.temp\x64\debug\qcpu-p.tlog\link-cvtres.read.1.tlog
c:\users\jak\documents\personal\qcppu\qcpu-p\.temp\x64\debug\qcpu-p.tlog\link-cvtres.write.1.tlog
c:\users\jak\documents\personal\qcppu\qcpu-p\.temp\x64\debug\qcpu-p.tlog\link-rc.read.1.tlog
c:\users\jak\documents\personal\qcppu\qcpu-p\.temp\x64\debug\qcpu-p.tlog\link-rc.write.1.tlog
c:\users\jak\documents\personal\qcppu\qcpu-p\.temp\x64\debug\qcpu-p.tlog\link.command.1.tlog
c:\users\jak\documents\personal\qcppu\qcpu-p\.temp\x64\debug\qcpu-p.tlog\link.read.1.tlog
c:\users\jak\documents\personal\qcppu\qcpu-p\.temp\x64\debug\qcpu-p.tlog\link.read.2.tlog
c:\users\jak\documents\personal\qcppu\qcpu-p\.temp\x64\debug\qcpu-p.tlog\link.write.1.tlog
